# JRE version: OpenJDK Runtime Environment (8.0_152-b01) (build 1.8.0_152-release-1024-b01)
# Java VM: OpenJDK 64-Bit Server VM (25.152-b01 mixed mode linux-amd64 compressed oops)
Heap:
 PSYoungGen      total 392704K, used 0K [0x00000000e0000000, 0x0000000100000000, 0x0000000100000000)
  eden space 332288K, 0% used [0x00000000e0000000,0x00000000e0000000,0x00000000f4480000)
  from space 60416K, 0% used [0x00000000fa180000,0x00000000fa180000,0x00000000fdc80000)
  to   space 95232K, 0% used [0x00000000f4480000,0x00000000f4480000,0x00000000fa180000)
 ParOldGen       total 173056K, used 163770K [0x00000000a0000000, 0x00000000aa900000, 0x00000000e0000000)
  object space 173056K, 94% used [0x00000000a0000000,0x00000000a9fee888,0x00000000aa900000)
 Metaspace       used 79506K, capacity 82309K, committed 84824K, reserved 1122304K
  class space    used 10132K, capacity 10747K, committed 11392K, reserved 1048576K
GC Heap History (10 events):
Event: 1792.560 GC heap after
Heap after GC invocations=22 (full 3):
 PSYoungGen      total 287744K, used 35325K [0x00000000e0000000, 0x00000000f7600000, 0x0000000100000000)
  eden space 252416K, 0% used [0x00000000e0000000,0x00000000e0000000,0x00000000ef680000)
  from space 35328K, 99% used [0x00000000ef680000,0x00000000f18ff490,0x00000000f1900000)
  to   space 41984K, 0% used [0x00000000f4d00000,0x00000000f4d00000,0x00000000f7600000)
 ParOldGen       total 106496K, used 85407K [0x00000000a0000000, 0x00000000a6800000, 0x00000000e0000000)
  object space 106496K, 80% used [0x00000000a0000000,0x00000000a5367c90,0x00000000a6800000)
 Metaspace       used 79410K, capacity 83097K, committed 83160K, reserved 1122304K
  class space    used 10372K, capacity 11240K, committed 11264K, reserved 1048576K
}
Event: 1795.925 GC heap before
{Heap before GC invocations=23 (full 3):
 PSYoungGen      total 287744K, used 287741K [0x00000000e0000000, 0x00000000f7600000, 0x0000000100000000)
  eden space 252416K, 100% used [0x00000000e0000000,0x00000000ef680000,0x00000000ef680000)
  from space 35328K, 99% used [0x00000000ef680000,0x00000000f18ff490,0x00000000f1900000)
  to   space 41984K, 0% used [0x00000000f4d00000,0x00000000f4d00000,0x00000000f7600000)
 ParOldGen       total 106496K, used 85407K [0x00000000a0000000, 0x00000000a6800000, 0x00000000e0000000)
  object space 106496K, 80% used [0x00000000a0000000,0x00000000a5367c90,0x00000000a6800000)
 Metaspace       used 80319K, capacity 84113K, committed 84312K, reserved 1122304K
  class space    used 10453K, capacity 11332K, committed 11392K, reserved 1048576K
Event: 1796.002 GC heap after
Heap after GC invocations=23 (full 3):
 PSYoungGen      total 339968K, used 22870K [0x00000000e0000000, 0x00000000f7500000, 0x0000000100000000)
  eden space 299008K, 0% used [0x00000000e0000000,0x00000000e0000000,0x00000000f2400000)
  from space 40960K, 55% used [0x00000000f4d00000,0x00000000f6355b70,0x00000000f7500000)
  to   space 41472K, 0% used [0x00000000f2400000,0x00000000f2400000,0x00000000f4c80000)
 ParOldGen       total 106496K, used 93596K [0x00000000a0000000, 0x00000000a6800000, 0x00000000e0000000)
  object space 106496K, 87% used [0x00000000a0000000,0x00000000a5b67240,0x00000000a6800000)
 Metaspace       used 80319K, capacity 84113K, committed 84312K, reserved 1122304K
  class space    used 10453K, capacity 11332K, committed 11392K, reserved 1048576K
}
Event: 1796.008 GC heap before
{Heap before GC invocations=24 (full 4):
 PSYoungGen      total 339968K, used 22870K [0x00000000e0000000, 0x00000000f7500000, 0x0000000100000000)
  eden space 299008K, 0% used [0x00000000e0000000,0x00000000e0000000,0x00000000f2400000)
  from space 40960K, 55% used [0x00000000f4d00000,0x00000000f6355b70,0x00000000f7500000)
  to   space 41472K, 0% used [0x00000000f2400000,0x00000000f2400000,0x00000000f4c80000)
 ParOldGen       total 106496K, used 93596K [0x00000000a0000000, 0x00000000a6800000, 0x00000000e0000000)
  object space 106496K, 87% used [0x00000000a0000000,0x00000000a5b67240,0x00000000a6800000)
 Metaspace       used 80319K, capacity 84113K, committed 84312K, reserved 1122304K
  class space    used 10453K, capacity 11332K, committed 11392K, reserved 1048576K
Event: 1796.399 GC heap after
Heap after GC invocations=24 (full 4):
 PSYoungGen      total 339968K, used 0K [0x00000000e0000000, 0x00000000f7500000, 0x0000000100000000)
  eden space 299008K, 0% used [0x00000000e0000000,0x00000000e0000000,0x00000000f2400000)
  from space 40960K, 0% used [0x00000000f4d00000,0x00000000f4d00000,0x00000000f7500000)
  to   space 41472K, 0% used [0x00000000f2400000,0x00000000f2400000,0x00000000f4c80000)
 ParOldGen       total 152576K, used 72189K [0x00000000a0000000, 0x00000000a9500000, 0x00000000e0000000)
  object space 152576K, 47% used [0x00000000a0000000,0x00000000a467f460,0x00000000a9500000)
 Metaspace       used 78317K, capacity 80989K, committed 84312K, reserved 1122304K
  class space    used 9981K, capacity 10591K, committed 11392K, reserved 1048576K
}
Event: 1800.245 GC heap before
{Heap before GC invocations=25 (full 4):
 PSYoungGen      total 339968K, used 298879K [0x00000000e0000000, 0x00000000f7500000, 0x0000000100000000)
  eden space 299008K, 99% used [0x00000000e0000000,0x00000000f23dffa0,0x00000000f2400000)
  from space 40960K, 0% used [0x00000000f4d00000,0x00000000f4d00000,0x00000000f7500000)
  to   space 41472K, 0% used [0x00000000f2400000,0x00000000f2400000,0x00000000f4c80000)
 ParOldGen       total 152576K, used 72189K [0x00000000a0000000, 0x00000000a9500000, 0x00000000e0000000)
  object space 152576K, 47% used [0x00000000a0000000,0x00000000a467f460,0x00000000a9500000)
 Metaspace       used 79353K, capacity 82143K, committed 84568K, reserved 1122304K
  class space    used 10126K, capacity 10744K, committed 11392K, reserved 1048576K
Event: 1800.397 GC heap after
Heap after GC invocations=25 (full 4):
 PSYoungGen      total 340480K, used 41450K [0x00000000e0000000, 0x00000000fdc80000, 0x0000000100000000)
  eden space 299008K, 0% used [0x00000000e0000000,0x00000000e0000000,0x00000000f2400000)
  from space 41472K, 99% used [0x00000000f2400000,0x00000000f4c7a9a0,0x00000000f4c80000)
  to   space 60416K, 0% used [0x00000000fa180000,0x00000000fa180000,0x00000000fdc80000)
 ParOldGen       total 152576K, used 105609K [0x00000000a0000000, 0x00000000a9500000, 0x00000000e0000000)
  object space 152576K, 69% used [0x00000000a0000000,0x00000000a6722428,0x00000000a9500000)
 Metaspace       used 79353K, capacity 82143K, committed 84568K, reserved 1122304K
  class space    used 10126K, capacity 10744K, committed 11392K, reserved 1048576K
}
Event: 1805.491 GC heap before
{Heap before GC invocations=26 (full 4):
 PSYoungGen      total 340480K, used 338309K [0x00000000e0000000, 0x00000000fdc80000, 0x0000000100000000)
  eden space 299008K, 99% used [0x00000000e0000000,0x00000000f21e6b38,0x00000000f2400000)
  from space 41472K, 99% used [0x00000000f2400000,0x00000000f4c7a9a0,0x00000000f4c80000)
  to   space 60416K, 0% used [0x00000000fa180000,0x00000000fa180000,0x00000000fdc80000)
 ParOldGen       total 152576K, used 105609K [0x00000000a0000000, 0x00000000a9500000, 0x00000000e0000000)
  object space 152576K, 69% used [0x00000000a0000000,0x00000000a6722428,0x00000000a9500000)
 Metaspace       used 79506K, capacity 82309K, committed 84824K, reserved 1122304K
  class space    used 10132K, capacity 10747K, committed 11392K, reserved 1048576K
Event: 1806.629 GC heap after
Heap after GC invocations=26 (full 4):
 PSYoungGen      total 392704K, used 60405K [0x00000000e0000000, 0x0000000100000000, 0x0000000100000000)
  eden space 332288K, 0% used [0x00000000e0000000,0x00000000e0000000,0x00000000f4480000)
  from space 60416K, 99% used [0x00000000fa180000,0x00000000fdc7d4b0,0x00000000fdc80000)
  to   space 95232K, 0% used [0x00000000f4480000,0x00000000f4480000,0x00000000fa180000)
 ParOldGen       total 173056K, used 171827K [0x00000000a0000000, 0x00000000aa900000, 0x00000000e0000000)
  object space 173056K, 99% used [0x00000000a0000000,0x00000000aa7ccf88,0x00000000aa900000)
 Metaspace       used 79506K, capacity 82309K, committed 84824K, reserved 1122304K
  class space    used 10132K, capacity 10747K, committed 11392K, reserved 1048576K
}
Event: 1806.719 GC heap before
{Heap before GC invocations=27 (full 5):
 PSYoungGen      total 392704K, used 60405K [0x00000000e0000000, 0x0000000100000000, 0x0000000100000000)
  eden space 332288K, 0% used [0x00000000e0000000,0x00000000e0000000,0x00000000f4480000)
  from space 60416K, 99% used [0x00000000fa180000,0x00000000fdc7d4b0,0x00000000fdc80000)
  to   space 95232K, 0% used [0x00000000f4480000,0x00000000f4480000,0x00000000fa180000)
 ParOldGen       total 173056K, used 171827K [0x00000000a0000000, 0x00000000aa900000, 0x00000000e0000000)
  object space 173056K, 99% used [0x00000000a0000000,0x00000000aa7ccf88,0x00000000aa900000)
 Metaspace       used 79506K, capacity 82309K, committed 84824K, reserved 1122304K
  class space    used 10132K, capacity 10747K, committed 11392K, reserved 1048576K

